<?xml version="1.0" encoding="UTF-8"?>
<!-- Generated by org.testng.reporters.JUnitReportReporter -->
<testsuite skipped="0" hostname="LENOVO-PC" name="AppiumFramework.AppiumFramework.ApiDemoTestLocators" tests="2" failures="0" timestamp="2020-05-30T14:52:28 IST" time="94.437" errors="0">
  <testcase name="apiDemoTest" time="46.658" classname="AppiumFramework.AppiumFramework.ApiDemoTestLocators"/>
  <system-out/>
  <testcase name="apiDemoTest" time="47.779" classname="AppiumFramework.AppiumFramework.ApiDemoTestLocators"/>
  <system-out/>
</testsuite> <!-- AppiumFramework.AppiumFramework.ApiDemoTestLocators -->
