<?xml version="1.0" encoding="UTF-8"?>
<!-- Generated by org.testng.reporters.JUnitReportReporter -->
<testsuite skipped="0" hostname="LENOVO-PC" name="AppiumFramework.AppiumFramework.Ecommerce_Tc_2" tests="1" failures="0" timestamp="2020-06-01T16:52:42 IST" time="44.320" errors="0">
  <testcase name="passedScenario" time="44.320" classname="AppiumFramework.AppiumFramework.Ecommerce_Tc_2"/>
  <system-out>
Test Successfully passed  </system-out>
</testsuite> <!-- AppiumFramework.AppiumFramework.Ecommerce_Tc_2 -->
