<?xml version="1.0" encoding="UTF-8"?>
<!-- Generated by org.testng.reporters.JUnitReportReporter -->
<testsuite skipped="0" hostname="LENOVO-PC" name="AppiumFramework.AppiumFramework.ApiDemoTestLocators" tests="2" failures="0" timestamp="2020-06-01T16:05:22 IST" time="100.156" errors="0">
  <testcase name="apiDemoTest" time="50.317" classname="AppiumFramework.AppiumFramework.ApiDemoTestLocators"/>
  <system-out/>
  <testcase name="apiDemoTest" time="49.839" classname="AppiumFramework.AppiumFramework.ApiDemoTestLocators"/>
  <system-out/>
</testsuite> <!-- AppiumFramework.AppiumFramework.ApiDemoTestLocators -->
