<?xml version="1.0" encoding="UTF-8"?>
<!-- Generated by org.testng.reporters.JUnitReportReporter -->
<testsuite skipped="0" hostname="LENOVO-PC" name="AppiumFramework.AppiumFramework.ApiDemoTestLocators" tests="2" failures="0" timestamp="2020-05-30T15:46:01 IST" time="75.455" errors="0">
  <testcase name="apiDemoTest" time="37.218" classname="AppiumFramework.AppiumFramework.ApiDemoTestLocators"/>
  <system-out/>
  <testcase name="apiDemoTest" time="38.237" classname="AppiumFramework.AppiumFramework.ApiDemoTestLocators"/>
  <system-out/>
</testsuite> <!-- AppiumFramework.AppiumFramework.ApiDemoTestLocators -->
